{
  "stats": {
    "suites": 5,
    "tests": 7,
    "passes": 1,
    "pending": 3,
    "failures": 3,
    "start": "2021-12-10T08:33:16.892Z",
    "end": "2021-12-10T08:34:55.546Z",
    "duration": 56970,
    "testsRegistered": 7,
    "passPercent": 14.285714285714286,
    "pendingPercent": 42.857142857142854,
    "other": 0,
    "hasOther": false,
    "skipped": 0,
    "hasSkipped": false
  },
  "results": [
    {
      "uuid": "63a15fc9-4db9-41d8-96ba-9c8571da0d3c",
      "title": "",
      "fullFile": "cypress/integration/node-testing/node.spec.js",
      "file": "cypress/integration/node-testing/node.spec.js",
      "beforeHooks": [],
      "afterHooks": [],
      "tests": [],
      "suites": [
        {
          "uuid": "17ea19db-85cf-4bc1-84b6-fe033a63f180",
          "title": "Fizz buzz unit test cases",
          "fullFile": "",
          "file": "",
          "beforeHooks": [],
          "afterHooks": [],
          "tests": [
            {
              "title": "Returns fizz if number is a multiple of 3",
              "fullTitle": "Fizz buzz unit test cases Returns fizz if number is a multiple of 3",
              "timedOut": null,
              "duration": 0,
              "state": "pending",
              "speed": null,
              "pass": false,
              "fail": false,
              "pending": true,
              "context": null,
              "code": "",
              "err": {},
              "uuid": "edcc7a57-0865-43a6-8e0d-ad1938c3a23a",
              "parentUUID": "17ea19db-85cf-4bc1-84b6-fe033a63f180",
              "isHook": false,
              "skipped": false
            },
            {
              "title": "Returns buzz if number is a multiple of 5",
              "fullTitle": "Fizz buzz unit test cases Returns buzz if number is a multiple of 5",
              "timedOut": null,
              "duration": 0,
              "state": "pending",
              "speed": null,
              "pass": false,
              "fail": false,
              "pending": true,
              "context": null,
              "code": "",
              "err": {},
              "uuid": "fdf1177d-53d7-48af-99aa-94ce16e2bf7c",
              "parentUUID": "17ea19db-85cf-4bc1-84b6-fe033a63f180",
              "isHook": false,
              "skipped": false
            },
            {
              "title": "Returns fizzbuzz if number is a multiple of 5 and 3",
              "fullTitle": "Fizz buzz unit test cases Returns fizzbuzz if number is a multiple of 5 and 3",
              "timedOut": null,
              "duration": 0,
              "state": "pending",
              "speed": null,
              "pass": false,
              "fail": false,
              "pending": true,
              "context": null,
              "code": "",
              "err": {},
              "uuid": "31e15d8f-f6ee-47cf-9224-08b649f2c2c0",
              "parentUUID": "17ea19db-85cf-4bc1-84b6-fe033a63f180",
              "isHook": false,
              "skipped": false
            }
          ],
          "suites": [],
          "passes": [],
          "failures": [],
          "pending": [
            "edcc7a57-0865-43a6-8e0d-ad1938c3a23a",
            "fdf1177d-53d7-48af-99aa-94ce16e2bf7c",
            "31e15d8f-f6ee-47cf-9224-08b649f2c2c0"
          ],
          "skipped": [],
          "duration": 0,
          "root": false,
          "rootEmpty": false,
          "_timeout": 2000
        }
      ],
      "passes": [],
      "failures": [],
      "pending": [],
      "skipped": [],
      "duration": 0,
      "root": true,
      "rootEmpty": true,
      "_timeout": 2000
    },
    {
      "uuid": "e9c4eae8-9aa7-46d6-b2ab-ebf877563973",
      "title": "",
      "fullFile": "cypress/integration/node-testing/saucedemo.spec.js",
      "file": "cypress/integration/node-testing/saucedemo.spec.js",
      "beforeHooks": [],
      "afterHooks": [],
      "tests": [],
      "suites": [
        {
          "uuid": "b4742cfd-a397-4af8-89bf-39c356158f1a",
          "title": "Login with cookies",
          "fullFile": "",
          "file": "",
          "beforeHooks": [],
          "afterHooks": [],
          "tests": [
            {
              "title": "Showcasing cypress commands",
              "fullTitle": "Login with cookies Showcasing cypress commands",
              "timedOut": null,
              "duration": 3781,
              "state": "passed",
              "speed": "fast",
              "pass": true,
              "fail": false,
              "pending": false,
              "context": null,
              "code": "cy.login(\"standard_user\");",
              "err": {},
              "uuid": "5bc0050f-c91c-4686-8ca5-f370ff25f880",
              "parentUUID": "b4742cfd-a397-4af8-89bf-39c356158f1a",
              "isHook": false,
              "skipped": false
            }
          ],
          "suites": [],
          "passes": [
            "5bc0050f-c91c-4686-8ca5-f370ff25f880"
          ],
          "failures": [],
          "pending": [],
          "skipped": [],
          "duration": 3781,
          "root": false,
          "rootEmpty": false,
          "_timeout": 2000
        }
      ],
      "passes": [],
      "failures": [],
      "pending": [],
      "skipped": [],
      "duration": 0,
      "root": true,
      "rootEmpty": true,
      "_timeout": 2000
    },
    {
      "uuid": "7206020c-dd18-4ada-a7cd-59f61594e22a",
      "title": "",
      "fullFile": "cypress/integration/saucedemo.com/checkout.spec.js",
      "file": "cypress/integration/saucedemo.com/checkout.spec.js",
      "beforeHooks": [],
      "afterHooks": [],
      "tests": [],
      "suites": [
        {
          "uuid": "36fd59a1-27c2-4b2d-a0a5-7610ffbbf04f",
          "title": "Checkout test cases",
          "fullFile": "",
          "file": "",
          "beforeHooks": [],
          "afterHooks": [],
          "tests": [
            {
              "title": "Adding item to cart and checking out",
              "fullTitle": "Checkout test cases Adding item to cart and checking out",
              "timedOut": null,
              "duration": 17742,
              "state": "failed",
              "speed": null,
              "pass": false,
              "fail": true,
              "pending": false,
              "context": "[\n  \"assets/screenshots/saucedemo.com/checkout.spec.js/Checkout test cases -- Adding item to cart and checking out (failed).png\",\n  {\n    \"title\": \"Time of execution:\",\n    \"value\": \"2021-12-10T08:33:56.049Z\"\n  }\n]",
              "code": "_LoginPage.LoginPage.loginWithUI();\n_ProductsPage.ProductsPage.addFirstItemToCart();\n_ProductsPage.ProductsPage.verifyRemoveButton();\n_ProductsPage.ProductsPage.goToCart();\n_CartPage.CartPage.verifyAddedItem();\n_CartPage.CartPage.goToCheckout();\n_CheckoutPage.CheckoutPage.enterUserData();\n_CartPage.CartPage.verifyAddedItem();\n_CheckoutPage.CheckoutPage.finishCheckoutAndVerifyMessage();",
              "err": {
                "message": "AssertionError: Timed out retrying after 15000ms: Expected to find element: `[data-test|=add-to-cart]`, but never found it.",
                "estack": "AssertionError: Timed out retrying after 15000ms: Expected to find element: `[data-test|=add-to-cart]`, but never found it.\n    at Function.addFirstItemToCart (https://www.saucedemo.com/__cypress/tests?p=cypress/integration/saucedemo.com/checkout.spec.js:343:8)\n    at Context.eval (https://www.saucedemo.com/__cypress/tests?p=cypress/integration/saucedemo.com/checkout.spec.js:112:32)",
                "diff": null
              },
              "uuid": "6a22880b-35ea-4af8-8c29-9daced42a21d",
              "parentUUID": "36fd59a1-27c2-4b2d-a0a5-7610ffbbf04f",
              "isHook": false,
              "skipped": false
            }
          ],
          "suites": [],
          "passes": [],
          "failures": [
            "6a22880b-35ea-4af8-8c29-9daced42a21d"
          ],
          "pending": [],
          "skipped": [],
          "duration": 17742,
          "root": false,
          "rootEmpty": false,
          "_timeout": 2000
        }
      ],
      "passes": [],
      "failures": [],
      "pending": [],
      "skipped": [],
      "duration": 0,
      "root": true,
      "rootEmpty": true,
      "_timeout": 2000
    },
    {
      "uuid": "10c40858-713e-4221-9850-f4027532486a",
      "title": "",
      "fullFile": "cypress/integration/saucedemo.com/login.spec.js",
      "file": "cypress/integration/saucedemo.com/login.spec.js",
      "beforeHooks": [],
      "afterHooks": [],
      "tests": [],
      "suites": [
        {
          "uuid": "f4ac823d-d715-4c0b-bb8b-f706f8c617e8",
          "title": "Login test cases",
          "fullFile": "",
          "file": "",
          "beforeHooks": [],
          "afterHooks": [],
          "tests": [
            {
              "title": "Log in with standard user and verify login status",
              "fullTitle": "Login test cases Log in with standard user and verify login status",
              "timedOut": null,
              "duration": 17444,
              "state": "failed",
              "speed": null,
              "pass": false,
              "fail": true,
              "pending": false,
              "context": "[\n  \"assets/screenshots/saucedemo.com/login.spec.js/Login test cases -- Log in with standard user and verify login status (failed).png\",\n  {\n    \"title\": \"Time of execution:\",\n    \"value\": \"2021-12-10T08:34:25.814Z\"\n  }\n]",
              "code": "_LoginPage.LoginPage.loginWithUI();\n_ProductsPage.ProductsPage.verifyUserLoggedIn();",
              "err": {
                "message": "AssertionError: Timed out retrying after 15000ms: Expected to find element: `.inventory_item_name`, but never found it.",
                "estack": "AssertionError: Timed out retrying after 15000ms: Expected to find element: `.inventory_item_name`, but never found it.\n    at Function.isVisible (https://www.saucedemo.com/__cypress/tests?p=cypress/integration/saucedemo.com/login.spec.js:140:22)\n    at Function.verifyUserLoggedIn (https://www.saucedemo.com/__cypress/tests?p=cypress/integration/saucedemo.com/login.spec.js:221:10)\n    at Context.eval (https://www.saucedemo.com/__cypress/tests?p=cypress/integration/saucedemo.com/login.spec.js:108:32)",
                "diff": null
              },
              "uuid": "a0edce25-7f0b-40ce-8423-1524b994941b",
              "parentUUID": "f4ac823d-d715-4c0b-bb8b-f706f8c617e8",
              "isHook": false,
              "skipped": false
            }
          ],
          "suites": [],
          "passes": [],
          "failures": [
            "a0edce25-7f0b-40ce-8423-1524b994941b"
          ],
          "pending": [],
          "skipped": [],
          "duration": 17444,
          "root": false,
          "rootEmpty": false,
          "_timeout": 2000
        }
      ],
      "passes": [],
      "failures": [],
      "pending": [],
      "skipped": [],
      "duration": 0,
      "root": true,
      "rootEmpty": true,
      "_timeout": 2000
    },
    {
      "uuid": "c2d2886a-75a0-4a30-a8a1-f990d66a2fb7",
      "title": "",
      "fullFile": "cypress/integration/saucedemo.com/products.spec.js",
      "file": "cypress/integration/saucedemo.com/products.spec.js",
      "beforeHooks": [],
      "afterHooks": [],
      "tests": [],
      "suites": [
        {
          "uuid": "9fb4161e-20d1-4e25-be1c-ac00a520ad97",
          "title": "Products page test cases",
          "fullFile": "",
          "file": "",
          "beforeHooks": [],
          "afterHooks": [],
          "tests": [
            {
              "title": "Sorting items by price low - high",
              "fullTitle": "Products page test cases Sorting items by price low - high",
              "timedOut": null,
              "duration": 18003,
              "state": "failed",
              "speed": null,
              "pass": false,
              "fail": true,
              "pending": false,
              "context": "[\n  \"assets/screenshots/saucedemo.com/products.spec.js/Products page test cases -- Sorting items by price low - high (failed).png\",\n  {\n    \"title\": \"Time of execution:\",\n    \"value\": \"2021-12-10T08:34:55.504Z\"\n  }\n]",
              "code": "_LoginPage.LoginPage.loginWithUI();\n_ProductsPage.ProductsPage.sortItemsBy(\"lohi\");\n_ProductsPage.ProductsPage.verifyLowToHighPrices();",
              "err": {
                "message": "AssertionError: Timed out retrying after 15000ms: Expected to find element: `[data-test=product_sort_container]`, but never found it.",
                "estack": "AssertionError: Timed out retrying after 15000ms: Expected to find element: `[data-test=product_sort_container]`, but never found it.\n    at Function.sortItemsBy (https://www.saucedemo.com/__cypress/tests?p=cypress/integration/saucedemo.com/products.spec.js:227:8)\n    at Context.eval (https://www.saucedemo.com/__cypress/tests?p=cypress/integration/saucedemo.com/products.spec.js:108:32)",
                "diff": null
              },
              "uuid": "8512d901-7eeb-42af-ac42-6393c4bc0a80",
              "parentUUID": "9fb4161e-20d1-4e25-be1c-ac00a520ad97",
              "isHook": false,
              "skipped": false
            }
          ],
          "suites": [],
          "passes": [],
          "failures": [
            "8512d901-7eeb-42af-ac42-6393c4bc0a80"
          ],
          "pending": [],
          "skipped": [],
          "duration": 18003,
          "root": false,
          "rootEmpty": false,
          "_timeout": 2000
        }
      ],
      "passes": [],
      "failures": [],
      "pending": [],
      "skipped": [],
      "duration": 0,
      "root": true,
      "rootEmpty": true,
      "_timeout": 2000
    }
  ],
  "meta": {
    "mocha": {
      "version": "7.0.1"
    },
    "mochawesome": {
      "options": {
        "quiet": false,
        "reportFilename": "mochawesome",
        "saveHtml": false,
        "saveJson": true,
        "consoleReporter": "spec",
        "useInlineDiffs": false,
        "code": true
      },
      "version": "7.0.1"
    },
    "marge": {
      "options": {
        "reportDir": "cypress/results",
        "html": false,
        "overwrite": false
      },
      "version": "6.0.1"
    }
  }
}