{
  "stats": {
    "suites": 1,
    "tests": 1,
    "passes": 0,
    "pending": 0,
    "failures": 1,
    "start": "2021-12-10T08:33:38.126Z",
    "end": "2021-12-10T08:33:56.123Z",
    "duration": 17997,
    "testsRegistered": 1,
    "passPercent": 0,
    "pendingPercent": 0,
    "other": 0,
    "hasOther": false,
    "skipped": 0,
    "hasSkipped": false
  },
  "results": [
    {
      "uuid": "7206020c-dd18-4ada-a7cd-59f61594e22a",
      "title": "",
      "fullFile": "cypress/integration/saucedemo.com/checkout.spec.js",
      "file": "cypress/integration/saucedemo.com/checkout.spec.js",
      "beforeHooks": [],
      "afterHooks": [],
      "tests": [],
      "suites": [
        {
          "uuid": "36fd59a1-27c2-4b2d-a0a5-7610ffbbf04f",
          "title": "Checkout test cases",
          "fullFile": "",
          "file": "",
          "beforeHooks": [],
          "afterHooks": [],
          "tests": [
            {
              "title": "Adding item to cart and checking out",
              "fullTitle": "Checkout test cases Adding item to cart and checking out",
              "timedOut": null,
              "duration": 17742,
              "state": "failed",
              "speed": null,
              "pass": false,
              "fail": true,
              "pending": false,
              "context": "[\n  \"assets/screenshots/saucedemo.com/checkout.spec.js/Checkout test cases -- Adding item to cart and checking out (failed).png\",\n  {\n    \"title\": \"Time of execution:\",\n    \"value\": \"2021-12-10T08:33:56.049Z\"\n  }\n]",
              "code": "_LoginPage.LoginPage.loginWithUI();\n_ProductsPage.ProductsPage.addFirstItemToCart();\n_ProductsPage.ProductsPage.verifyRemoveButton();\n_ProductsPage.ProductsPage.goToCart();\n_CartPage.CartPage.verifyAddedItem();\n_CartPage.CartPage.goToCheckout();\n_CheckoutPage.CheckoutPage.enterUserData();\n_CartPage.CartPage.verifyAddedItem();\n_CheckoutPage.CheckoutPage.finishCheckoutAndVerifyMessage();",
              "err": {
                "message": "AssertionError: Timed out retrying after 15000ms: Expected to find element: `[data-test|=add-to-cart]`, but never found it.",
                "estack": "AssertionError: Timed out retrying after 15000ms: Expected to find element: `[data-test|=add-to-cart]`, but never found it.\n    at Function.addFirstItemToCart (https://www.saucedemo.com/__cypress/tests?p=cypress/integration/saucedemo.com/checkout.spec.js:343:8)\n    at Context.eval (https://www.saucedemo.com/__cypress/tests?p=cypress/integration/saucedemo.com/checkout.spec.js:112:32)",
                "diff": null
              },
              "uuid": "6a22880b-35ea-4af8-8c29-9daced42a21d",
              "parentUUID": "36fd59a1-27c2-4b2d-a0a5-7610ffbbf04f",
              "isHook": false,
              "skipped": false
            }
          ],
          "suites": [],
          "passes": [],
          "failures": [
            "6a22880b-35ea-4af8-8c29-9daced42a21d"
          ],
          "pending": [],
          "skipped": [],
          "duration": 17742,
          "root": false,
          "rootEmpty": false,
          "_timeout": 2000
        }
      ],
      "passes": [],
      "failures": [],
      "pending": [],
      "skipped": [],
      "duration": 0,
      "root": true,
      "rootEmpty": true,
      "_timeout": 2000
    }
  ],
  "meta": {
    "mocha": {
      "version": "7.0.1"
    },
    "mochawesome": {
      "options": {
        "quiet": false,
        "reportFilename": "mochawesome",
        "saveHtml": false,
        "saveJson": true,
        "consoleReporter": "spec",
        "useInlineDiffs": false,
        "code": true
      },
      "version": "7.0.1"
    },
    "marge": {
      "options": {
        "reportDir": "cypress/results",
        "html": false,
        "overwrite": false
      },
      "version": "6.0.1"
    }
  }
}