{
  "stats": {
    "suites": 1,
    "tests": 1,
    "passes": 0,
    "pending": 3,
    "failures": -2,
    "start": "2021-12-10T08:33:16.892Z",
    "end": "2021-12-10T08:33:16.929Z",
    "duration": 37,
    "testsRegistered": 3,
    "passPercent": null,
    "pendingPercent": 100,
    "other": 2,
    "hasOther": true,
    "skipped": 0,
    "hasSkipped": false
  },
  "results": [
    {
      "uuid": "63a15fc9-4db9-41d8-96ba-9c8571da0d3c",
      "title": "",
      "fullFile": "cypress/integration/node-testing/node.spec.js",
      "file": "cypress/integration/node-testing/node.spec.js",
      "beforeHooks": [],
      "afterHooks": [],
      "tests": [],
      "suites": [
        {
          "uuid": "17ea19db-85cf-4bc1-84b6-fe033a63f180",
          "title": "Fizz buzz unit test cases",
          "fullFile": "",
          "file": "",
          "beforeHooks": [],
          "afterHooks": [],
          "tests": [
            {
              "title": "Returns fizz if number is a multiple of 3",
              "fullTitle": "Fizz buzz unit test cases Returns fizz if number is a multiple of 3",
              "timedOut": null,
              "duration": 0,
              "state": "pending",
              "speed": null,
              "pass": false,
              "fail": false,
              "pending": true,
              "context": null,
              "code": "",
              "err": {},
              "uuid": "edcc7a57-0865-43a6-8e0d-ad1938c3a23a",
              "parentUUID": "17ea19db-85cf-4bc1-84b6-fe033a63f180",
              "isHook": false,
              "skipped": false
            },
            {
              "title": "Returns buzz if number is a multiple of 5",
              "fullTitle": "Fizz buzz unit test cases Returns buzz if number is a multiple of 5",
              "timedOut": null,
              "duration": 0,
              "state": "pending",
              "speed": null,
              "pass": false,
              "fail": false,
              "pending": true,
              "context": null,
              "code": "",
              "err": {},
              "uuid": "fdf1177d-53d7-48af-99aa-94ce16e2bf7c",
              "parentUUID": "17ea19db-85cf-4bc1-84b6-fe033a63f180",
              "isHook": false,
              "skipped": false
            },
            {
              "title": "Returns fizzbuzz if number is a multiple of 5 and 3",
              "fullTitle": "Fizz buzz unit test cases Returns fizzbuzz if number is a multiple of 5 and 3",
              "timedOut": null,
              "duration": 0,
              "state": "pending",
              "speed": null,
              "pass": false,
              "fail": false,
              "pending": true,
              "context": null,
              "code": "",
              "err": {},
              "uuid": "31e15d8f-f6ee-47cf-9224-08b649f2c2c0",
              "parentUUID": "17ea19db-85cf-4bc1-84b6-fe033a63f180",
              "isHook": false,
              "skipped": false
            }
          ],
          "suites": [],
          "passes": [],
          "failures": [],
          "pending": [
            "edcc7a57-0865-43a6-8e0d-ad1938c3a23a",
            "fdf1177d-53d7-48af-99aa-94ce16e2bf7c",
            "31e15d8f-f6ee-47cf-9224-08b649f2c2c0"
          ],
          "skipped": [],
          "duration": 0,
          "root": false,
          "rootEmpty": false,
          "_timeout": 2000
        }
      ],
      "passes": [],
      "failures": [],
      "pending": [],
      "skipped": [],
      "duration": 0,
      "root": true,
      "rootEmpty": true,
      "_timeout": 2000
    }
  ],
  "meta": {
    "mocha": {
      "version": "7.0.1"
    },
    "mochawesome": {
      "options": {
        "quiet": false,
        "reportFilename": "mochawesome",
        "saveHtml": false,
        "saveJson": true,
        "consoleReporter": "spec",
        "useInlineDiffs": false,
        "code": true
      },
      "version": "7.0.1"
    },
    "marge": {
      "options": {
        "reportDir": "cypress/results",
        "html": false,
        "overwrite": false
      },
      "version": "6.0.1"
    }
  }
}