{
  "stats": {
    "suites": 1,
    "tests": 1,
    "passes": 0,
    "pending": 0,
    "failures": 1,
    "start": "2021-12-10T08:34:08.116Z",
    "end": "2021-12-10T08:34:25.866Z",
    "duration": 17750,
    "testsRegistered": 1,
    "passPercent": 0,
    "pendingPercent": 0,
    "other": 0,
    "hasOther": false,
    "skipped": 0,
    "hasSkipped": false
  },
  "results": [
    {
      "uuid": "10c40858-713e-4221-9850-f4027532486a",
      "title": "",
      "fullFile": "cypress/integration/saucedemo.com/login.spec.js",
      "file": "cypress/integration/saucedemo.com/login.spec.js",
      "beforeHooks": [],
      "afterHooks": [],
      "tests": [],
      "suites": [
        {
          "uuid": "f4ac823d-d715-4c0b-bb8b-f706f8c617e8",
          "title": "Login test cases",
          "fullFile": "",
          "file": "",
          "beforeHooks": [],
          "afterHooks": [],
          "tests": [
            {
              "title": "Log in with standard user and verify login status",
              "fullTitle": "Login test cases Log in with standard user and verify login status",
              "timedOut": null,
              "duration": 17444,
              "state": "failed",
              "speed": null,
              "pass": false,
              "fail": true,
              "pending": false,
              "context": "[\n  \"assets/screenshots/saucedemo.com/login.spec.js/Login test cases -- Log in with standard user and verify login status (failed).png\",\n  {\n    \"title\": \"Time of execution:\",\n    \"value\": \"2021-12-10T08:34:25.814Z\"\n  }\n]",
              "code": "_LoginPage.LoginPage.loginWithUI();\n_ProductsPage.ProductsPage.verifyUserLoggedIn();",
              "err": {
                "message": "AssertionError: Timed out retrying after 15000ms: Expected to find element: `.inventory_item_name`, but never found it.",
                "estack": "AssertionError: Timed out retrying after 15000ms: Expected to find element: `.inventory_item_name`, but never found it.\n    at Function.isVisible (https://www.saucedemo.com/__cypress/tests?p=cypress/integration/saucedemo.com/login.spec.js:140:22)\n    at Function.verifyUserLoggedIn (https://www.saucedemo.com/__cypress/tests?p=cypress/integration/saucedemo.com/login.spec.js:221:10)\n    at Context.eval (https://www.saucedemo.com/__cypress/tests?p=cypress/integration/saucedemo.com/login.spec.js:108:32)",
                "diff": null
              },
              "uuid": "a0edce25-7f0b-40ce-8423-1524b994941b",
              "parentUUID": "f4ac823d-d715-4c0b-bb8b-f706f8c617e8",
              "isHook": false,
              "skipped": false
            }
          ],
          "suites": [],
          "passes": [],
          "failures": [
            "a0edce25-7f0b-40ce-8423-1524b994941b"
          ],
          "pending": [],
          "skipped": [],
          "duration": 17444,
          "root": false,
          "rootEmpty": false,
          "_timeout": 2000
        }
      ],
      "passes": [],
      "failures": [],
      "pending": [],
      "skipped": [],
      "duration": 0,
      "root": true,
      "rootEmpty": true,
      "_timeout": 2000
    }
  ],
  "meta": {
    "mocha": {
      "version": "7.0.1"
    },
    "mochawesome": {
      "options": {
        "quiet": false,
        "reportFilename": "mochawesome",
        "saveHtml": false,
        "saveJson": true,
        "consoleReporter": "spec",
        "useInlineDiffs": false,
        "code": true
      },
      "version": "7.0.1"
    },
    "marge": {
      "options": {
        "reportDir": "cypress/results",
        "html": false,
        "overwrite": false
      },
      "version": "6.0.1"
    }
  }
}