{
  "stats": {
    "suites": 1,
    "tests": 1,
    "passes": 0,
    "pending": 0,
    "failures": 1,
    "start": "2021-12-10T08:34:37.303Z",
    "end": "2021-12-10T08:34:55.546Z",
    "duration": 18243,
    "testsRegistered": 1,
    "passPercent": 0,
    "pendingPercent": 0,
    "other": 0,
    "hasOther": false,
    "skipped": 0,
    "hasSkipped": false
  },
  "results": [
    {
      "uuid": "c2d2886a-75a0-4a30-a8a1-f990d66a2fb7",
      "title": "",
      "fullFile": "cypress/integration/saucedemo.com/products.spec.js",
      "file": "cypress/integration/saucedemo.com/products.spec.js",
      "beforeHooks": [],
      "afterHooks": [],
      "tests": [],
      "suites": [
        {
          "uuid": "9fb4161e-20d1-4e25-be1c-ac00a520ad97",
          "title": "Products page test cases",
          "fullFile": "",
          "file": "",
          "beforeHooks": [],
          "afterHooks": [],
          "tests": [
            {
              "title": "Sorting items by price low - high",
              "fullTitle": "Products page test cases Sorting items by price low - high",
              "timedOut": null,
              "duration": 18003,
              "state": "failed",
              "speed": null,
              "pass": false,
              "fail": true,
              "pending": false,
              "context": "[\n  \"assets/screenshots/saucedemo.com/products.spec.js/Products page test cases -- Sorting items by price low - high (failed).png\",\n  {\n    \"title\": \"Time of execution:\",\n    \"value\": \"2021-12-10T08:34:55.504Z\"\n  }\n]",
              "code": "_LoginPage.LoginPage.loginWithUI();\n_ProductsPage.ProductsPage.sortItemsBy(\"lohi\");\n_ProductsPage.ProductsPage.verifyLowToHighPrices();",
              "err": {
                "message": "AssertionError: Timed out retrying after 15000ms: Expected to find element: `[data-test=product_sort_container]`, but never found it.",
                "estack": "AssertionError: Timed out retrying after 15000ms: Expected to find element: `[data-test=product_sort_container]`, but never found it.\n    at Function.sortItemsBy (https://www.saucedemo.com/__cypress/tests?p=cypress/integration/saucedemo.com/products.spec.js:227:8)\n    at Context.eval (https://www.saucedemo.com/__cypress/tests?p=cypress/integration/saucedemo.com/products.spec.js:108:32)",
                "diff": null
              },
              "uuid": "8512d901-7eeb-42af-ac42-6393c4bc0a80",
              "parentUUID": "9fb4161e-20d1-4e25-be1c-ac00a520ad97",
              "isHook": false,
              "skipped": false
            }
          ],
          "suites": [],
          "passes": [],
          "failures": [
            "8512d901-7eeb-42af-ac42-6393c4bc0a80"
          ],
          "pending": [],
          "skipped": [],
          "duration": 18003,
          "root": false,
          "rootEmpty": false,
          "_timeout": 2000
        }
      ],
      "passes": [],
      "failures": [],
      "pending": [],
      "skipped": [],
      "duration": 0,
      "root": true,
      "rootEmpty": true,
      "_timeout": 2000
    }
  ],
  "meta": {
    "mocha": {
      "version": "7.0.1"
    },
    "mochawesome": {
      "options": {
        "quiet": false,
        "reportFilename": "mochawesome",
        "saveHtml": false,
        "saveJson": true,
        "consoleReporter": "spec",
        "useInlineDiffs": false,
        "code": true
      },
      "version": "7.0.1"
    },
    "marge": {
      "options": {
        "reportDir": "cypress/results",
        "html": false,
        "overwrite": false
      },
      "version": "6.0.1"
    }
  }
}